<?xml version="1.0" encoding="UTF-8"?>
<robot generator="Robot 5.0.1 (Python 3.9.10 on win32)" generated="20230216 15:09:26.037" rpa="false" schemaversion="3">
<suite id="s1" name="Sample" source="c:\Users\erkka\work\faker-stuff\tests\sample.robot">
<kw name="Open Browser" library="QWeb" type="SETUP">
<arg>about:blank</arg>
<arg>chrome</arg>
<tag>Browser</tag>
<tag>Interaction</tag>
<doc>Open new browser to given url.</doc>
<msg timestamp="20230216 15:09:27.635" level="INFO">
QWeb version number: 2.0.5</msg>
<msg timestamp="20230216 15:09:28.708" level="INFO">Browser: chrome</msg>
<msg timestamp="20230216 15:09:28.709" level="INFO">Browser version: 110.0.5481.100</msg>
<msg timestamp="20230216 15:09:28.709" level="INFO">Chromedriver version: 110.0.5481.77 (65ed616c6e8ee3fe0ad64fe83796c020644d42af-refs/branch-heads/5481@{#839})</msg>
<status status="PASS" starttime="20230216 15:09:27.634" endtime="20230216 15:09:28.725"/>
</kw>
<test id="s1-t1" name="Sample Test" line="12">
<for flavor="IN RANGE">
<var>${i}</var>
<value>1</value>
<value>10</value>
<iter>
<var name="${i}">1</var>
<kw name="Get Random Title" library="functions">
<var>${title}</var>
<msg timestamp="20230216 15:09:28.727" level="INFO">${title} = Dr.</msg>
<status status="PASS" starttime="20230216 15:09:28.727" endtime="20230216 15:09:28.727"/>
</kw>
<kw name="Get Random Firstname" library="functions">
<var>${firstname}</var>
<msg timestamp="20230216 15:09:28.727" level="INFO">${firstname} = Rodney</msg>
<status status="PASS" starttime="20230216 15:09:28.727" endtime="20230216 15:09:28.727"/>
</kw>
<kw name="Get Random Last Name" library="functions">
<var>${lastname}</var>
<msg timestamp="20230216 15:09:28.727" level="INFO">${lastname} = Robinson</msg>
<status status="PASS" starttime="20230216 15:09:28.727" endtime="20230216 15:09:28.727"/>
</kw>
<kw name="Get Random Email" library="functions">
<var>${email}</var>
<arg>${firstname}</arg>
<arg>${lastname}</arg>
<msg timestamp="20230216 15:09:28.728" level="INFO">${email} = Rodney.Robinson@biz.com</msg>
<status status="PASS" starttime="20230216 15:09:28.728" endtime="20230216 15:09:28.728"/>
</kw>
<kw name="Get Opp Reference" library="functions">
<var>${pii}</var>
<msg timestamp="20230216 15:09:28.728" level="INFO">${pii} = S3104173416538874</msg>
<status status="PASS" starttime="20230216 15:09:28.728" endtime="20230216 15:09:28.728"/>
</kw>
<kw name="Log To Console" library="BuiltIn">
<arg>random person: ${title} ${firstname} ${lastname}</arg>
<doc>Logs the given message to the console.</doc>
<status status="PASS" starttime="20230216 15:09:28.728" endtime="20230216 15:09:28.729"/>
</kw>
<kw name="Log To Console" library="BuiltIn">
<arg>random email: ${email}</arg>
<doc>Logs the given message to the console.</doc>
<status status="PASS" starttime="20230216 15:09:28.729" endtime="20230216 15:09:28.729"/>
</kw>
<kw name="Log To Console" library="BuiltIn">
<arg>pii: ${pii}</arg>
<doc>Logs the given message to the console.</doc>
<status status="PASS" starttime="20230216 15:09:28.729" endtime="20230216 15:09:28.729"/>
</kw>
<status status="PASS" starttime="20230216 15:09:28.726" endtime="20230216 15:09:28.729"/>
</iter>
<iter>
<var name="${i}">2</var>
<kw name="Get Random Title" library="functions">
<var>${title}</var>
<msg timestamp="20230216 15:09:28.730" level="INFO">${title} = Mrs.</msg>
<status status="PASS" starttime="20230216 15:09:28.730" endtime="20230216 15:09:28.730"/>
</kw>
<kw name="Get Random Firstname" library="functions">
<var>${firstname}</var>
<msg timestamp="20230216 15:09:28.730" level="INFO">${firstname} = Laura</msg>
<status status="PASS" starttime="20230216 15:09:28.730" endtime="20230216 15:09:28.730"/>
</kw>
<kw name="Get Random Last Name" library="functions">
<var>${lastname}</var>
<msg timestamp="20230216 15:09:28.730" level="INFO">${lastname} = Howell</msg>
<status status="PASS" starttime="20230216 15:09:28.730" endtime="20230216 15:09:28.730"/>
</kw>
<kw name="Get Random Email" library="functions">
<var>${email}</var>
<arg>${firstname}</arg>
<arg>${lastname}</arg>
<msg timestamp="20230216 15:09:28.731" level="INFO">${email} = Laura.Howell@biz.com</msg>
<status status="PASS" starttime="20230216 15:09:28.730" endtime="20230216 15:09:28.731"/>
</kw>
<kw name="Get Opp Reference" library="functions">
<var>${pii}</var>
<msg timestamp="20230216 15:09:28.731" level="INFO">${pii} = S1766110116344264</msg>
<status status="PASS" starttime="20230216 15:09:28.731" endtime="20230216 15:09:28.731"/>
</kw>
<kw name="Log To Console" library="BuiltIn">
<arg>random person: ${title} ${firstname} ${lastname}</arg>
<doc>Logs the given message to the console.</doc>
<status status="PASS" starttime="20230216 15:09:28.731" endtime="20230216 15:09:28.731"/>
</kw>
<kw name="Log To Console" library="BuiltIn">
<arg>random email: ${email}</arg>
<doc>Logs the given message to the console.</doc>
<status status="PASS" starttime="20230216 15:09:28.731" endtime="20230216 15:09:28.732"/>
</kw>
<kw name="Log To Console" library="BuiltIn">
<arg>pii: ${pii}</arg>
<doc>Logs the given message to the console.</doc>
<status status="PASS" starttime="20230216 15:09:28.732" endtime="20230216 15:09:28.732"/>
</kw>
<status status="PASS" starttime="20230216 15:09:28.729" endtime="20230216 15:09:28.732"/>
</iter>
<iter>
<var name="${i}">3</var>
<kw name="Get Random Title" library="functions">
<var>${title}</var>
<msg timestamp="20230216 15:09:28.732" level="INFO">${title} = Mr.</msg>
<status status="PASS" starttime="20230216 15:09:28.732" endtime="20230216 15:09:28.732"/>
</kw>
<kw name="Get Random Firstname" library="functions">
<var>${firstname}</var>
<msg timestamp="20230216 15:09:28.733" level="INFO">${firstname} = Ronald</msg>
<status status="PASS" starttime="20230216 15:09:28.733" endtime="20230216 15:09:28.733"/>
</kw>
<kw name="Get Random Last Name" library="functions">
<var>${lastname}</var>
<msg timestamp="20230216 15:09:28.733" level="INFO">${lastname} = Smith</msg>
<status status="PASS" starttime="20230216 15:09:28.733" endtime="20230216 15:09:28.733"/>
</kw>
<kw name="Get Random Email" library="functions">
<var>${email}</var>
<arg>${firstname}</arg>
<arg>${lastname}</arg>
<msg timestamp="20230216 15:09:28.733" level="INFO">${email} = Ronald.Smith@biz.com</msg>
<status status="PASS" starttime="20230216 15:09:28.733" endtime="20230216 15:09:28.733"/>
</kw>
<kw name="Get Opp Reference" library="functions">
<var>${pii}</var>
<msg timestamp="20230216 15:09:28.734" level="INFO">${pii} = S8701104816762461</msg>
<status status="PASS" starttime="20230216 15:09:28.733" endtime="20230216 15:09:28.734"/>
</kw>
<kw name="Log To Console" library="BuiltIn">
<arg>random person: ${title} ${firstname} ${lastname}</arg>
<doc>Logs the given message to the console.</doc>
<status status="PASS" starttime="20230216 15:09:28.734" endtime="20230216 15:09:28.734"/>
</kw>
<kw name="Log To Console" library="BuiltIn">
<arg>random email: ${email}</arg>
<doc>Logs the given message to the console.</doc>
<status status="PASS" starttime="20230216 15:09:28.734" endtime="20230216 15:09:28.735"/>
</kw>
<kw name="Log To Console" library="BuiltIn">
<arg>pii: ${pii}</arg>
<doc>Logs the given message to the console.</doc>
<status status="PASS" starttime="20230216 15:09:28.735" endtime="20230216 15:09:28.735"/>
</kw>
<status status="PASS" starttime="20230216 15:09:28.732" endtime="20230216 15:09:28.735"/>
</iter>
<iter>
<var name="${i}">4</var>
<kw name="Get Random Title" library="functions">
<var>${title}</var>
<msg timestamp="20230216 15:09:28.736" level="INFO">${title} = Mr.</msg>
<status status="PASS" starttime="20230216 15:09:28.735" endtime="20230216 15:09:28.736"/>
</kw>
<kw name="Get Random Firstname" library="functions">
<var>${firstname}</var>
<msg timestamp="20230216 15:09:28.736" level="INFO">${firstname} = Jennifer</msg>
<status status="PASS" starttime="20230216 15:09:28.736" endtime="20230216 15:09:28.736"/>
</kw>
<kw name="Get Random Last Name" library="functions">
<var>${lastname}</var>
<msg timestamp="20230216 15:09:28.736" level="INFO">${lastname} = Cunningham</msg>
<status status="PASS" starttime="20230216 15:09:28.736" endtime="20230216 15:09:28.736"/>
</kw>
<kw name="Get Random Email" library="functions">
<var>${email}</var>
<arg>${firstname}</arg>
<arg>${lastname}</arg>
<msg timestamp="20230216 15:09:28.737" level="INFO">${email} = Jennifer.Cunningham@biz.com</msg>
<status status="PASS" starttime="20230216 15:09:28.736" endtime="20230216 15:09:28.737"/>
</kw>
<kw name="Get Opp Reference" library="functions">
<var>${pii}</var>
<msg timestamp="20230216 15:09:28.737" level="INFO">${pii} = S9237113616780593</msg>
<status status="PASS" starttime="20230216 15:09:28.737" endtime="20230216 15:09:28.737"/>
</kw>
<kw name="Log To Console" library="BuiltIn">
<arg>random person: ${title} ${firstname} ${lastname}</arg>
<doc>Logs the given message to the console.</doc>
<status status="PASS" starttime="20230216 15:09:28.737" endtime="20230216 15:09:28.737"/>
</kw>
<kw name="Log To Console" library="BuiltIn">
<arg>random email: ${email}</arg>
<doc>Logs the given message to the console.</doc>
<status status="PASS" starttime="20230216 15:09:28.737" endtime="20230216 15:09:28.738"/>
</kw>
<kw name="Log To Console" library="BuiltIn">
<arg>pii: ${pii}</arg>
<doc>Logs the given message to the console.</doc>
<status status="PASS" starttime="20230216 15:09:28.738" endtime="20230216 15:09:28.739"/>
</kw>
<status status="PASS" starttime="20230216 15:09:28.735" endtime="20230216 15:09:28.739"/>
</iter>
<iter>
<var name="${i}">5</var>
<kw name="Get Random Title" library="functions">
<var>${title}</var>
<msg timestamp="20230216 15:09:28.739" level="INFO">${title} = Mr.</msg>
<status status="PASS" starttime="20230216 15:09:28.739" endtime="20230216 15:09:28.739"/>
</kw>
<kw name="Get Random Firstname" library="functions">
<var>${firstname}</var>
<msg timestamp="20230216 15:09:28.739" level="INFO">${firstname} = Dawn</msg>
<status status="PASS" starttime="20230216 15:09:28.739" endtime="20230216 15:09:28.739"/>
</kw>
<kw name="Get Random Last Name" library="functions">
<var>${lastname}</var>
<msg timestamp="20230216 15:09:28.740" level="INFO">${lastname} = Burns</msg>
<status status="PASS" starttime="20230216 15:09:28.739" endtime="20230216 15:09:28.740"/>
</kw>
<kw name="Get Random Email" library="functions">
<var>${email}</var>
<arg>${firstname}</arg>
<arg>${lastname}</arg>
<msg timestamp="20230216 15:09:28.740" level="INFO">${email} = Dawn.Burns@biz.com</msg>
<status status="PASS" starttime="20230216 15:09:28.740" endtime="20230216 15:09:28.740"/>
</kw>
<kw name="Get Opp Reference" library="functions">
<var>${pii}</var>
<msg timestamp="20230216 15:09:28.740" level="INFO">${pii} = S3304170916881061</msg>
<status status="PASS" starttime="20230216 15:09:28.740" endtime="20230216 15:09:28.740"/>
</kw>
<kw name="Log To Console" library="BuiltIn">
<arg>random person: ${title} ${firstname} ${lastname}</arg>
<doc>Logs the given message to the console.</doc>
<status status="PASS" starttime="20230216 15:09:28.740" endtime="20230216 15:09:28.741"/>
</kw>
<kw name="Log To Console" library="BuiltIn">
<arg>random email: ${email}</arg>
<doc>Logs the given message to the console.</doc>
<status status="PASS" starttime="20230216 15:09:28.741" endtime="20230216 15:09:28.741"/>
</kw>
<kw name="Log To Console" library="BuiltIn">
<arg>pii: ${pii}</arg>
<doc>Logs the given message to the console.</doc>
<status status="PASS" starttime="20230216 15:09:28.741" endtime="20230216 15:09:28.742"/>
</kw>
<status status="PASS" starttime="20230216 15:09:28.739" endtime="20230216 15:09:28.742"/>
</iter>
<iter>
<var name="${i}">6</var>
<kw name="Get Random Title" library="functions">
<var>${title}</var>
<msg timestamp="20230216 15:09:28.742" level="INFO">${title} = Mr.</msg>
<status status="PASS" starttime="20230216 15:09:28.742" endtime="20230216 15:09:28.742"/>
</kw>
<kw name="Get Random Firstname" library="functions">
<var>${firstname}</var>
<msg timestamp="20230216 15:09:28.742" level="INFO">${firstname} = James</msg>
<status status="PASS" starttime="20230216 15:09:28.742" endtime="20230216 15:09:28.743"/>
</kw>
<kw name="Get Random Last Name" library="functions">
<var>${lastname}</var>
<msg timestamp="20230216 15:09:28.743" level="INFO">${lastname} = Wilson</msg>
<status status="PASS" starttime="20230216 15:09:28.743" endtime="20230216 15:09:28.743"/>
</kw>
<kw name="Get Random Email" library="functions">
<var>${email}</var>
<arg>${firstname}</arg>
<arg>${lastname}</arg>
<msg timestamp="20230216 15:09:28.743" level="INFO">${email} = James.Wilson@biz.com</msg>
<status status="PASS" starttime="20230216 15:09:28.743" endtime="20230216 15:09:28.743"/>
</kw>
<kw name="Get Opp Reference" library="functions">
<var>${pii}</var>
<msg timestamp="20230216 15:09:28.743" level="INFO">${pii} = S1584169616200460</msg>
<status status="PASS" starttime="20230216 15:09:28.743" endtime="20230216 15:09:28.743"/>
</kw>
<kw name="Log To Console" library="BuiltIn">
<arg>random person: ${title} ${firstname} ${lastname}</arg>
<doc>Logs the given message to the console.</doc>
<status status="PASS" starttime="20230216 15:09:28.743" endtime="20230216 15:09:28.744"/>
</kw>
<kw name="Log To Console" library="BuiltIn">
<arg>random email: ${email}</arg>
<doc>Logs the given message to the console.</doc>
<status status="PASS" starttime="20230216 15:09:28.744" endtime="20230216 15:09:28.744"/>
</kw>
<kw name="Log To Console" library="BuiltIn">
<arg>pii: ${pii}</arg>
<doc>Logs the given message to the console.</doc>
<status status="PASS" starttime="20230216 15:09:28.744" endtime="20230216 15:09:28.745"/>
</kw>
<status status="PASS" starttime="20230216 15:09:28.742" endtime="20230216 15:09:28.745"/>
</iter>
<iter>
<var name="${i}">7</var>
<kw name="Get Random Title" library="functions">
<var>${title}</var>
<msg timestamp="20230216 15:09:28.745" level="INFO">${title} = Mrs.</msg>
<status status="PASS" starttime="20230216 15:09:28.745" endtime="20230216 15:09:28.745"/>
</kw>
<kw name="Get Random Firstname" library="functions">
<var>${firstname}</var>
<msg timestamp="20230216 15:09:28.745" level="INFO">${firstname} = Timothy</msg>
<status status="PASS" starttime="20230216 15:09:28.745" endtime="20230216 15:09:28.745"/>
</kw>
<kw name="Get Random Last Name" library="functions">
<var>${lastname}</var>
<msg timestamp="20230216 15:09:28.746" level="INFO">${lastname} = Zimmerman</msg>
<status status="PASS" starttime="20230216 15:09:28.745" endtime="20230216 15:09:28.746"/>
</kw>
<kw name="Get Random Email" library="functions">
<var>${email}</var>
<arg>${firstname}</arg>
<arg>${lastname}</arg>
<msg timestamp="20230216 15:09:28.746" level="INFO">${email} = Timothy.Zimmerman@biz.com</msg>
<status status="PASS" starttime="20230216 15:09:28.746" endtime="20230216 15:09:28.746"/>
</kw>
<kw name="Get Opp Reference" library="functions">
<var>${pii}</var>
<msg timestamp="20230216 15:09:28.746" level="INFO">${pii} = S1273151916639970</msg>
<status status="PASS" starttime="20230216 15:09:28.746" endtime="20230216 15:09:28.746"/>
</kw>
<kw name="Log To Console" library="BuiltIn">
<arg>random person: ${title} ${firstname} ${lastname}</arg>
<doc>Logs the given message to the console.</doc>
<status status="PASS" starttime="20230216 15:09:28.746" endtime="20230216 15:09:28.747"/>
</kw>
<kw name="Log To Console" library="BuiltIn">
<arg>random email: ${email}</arg>
<doc>Logs the given message to the console.</doc>
<status status="PASS" starttime="20230216 15:09:28.747" endtime="20230216 15:09:28.747"/>
</kw>
<kw name="Log To Console" library="BuiltIn">
<arg>pii: ${pii}</arg>
<doc>Logs the given message to the console.</doc>
<status status="PASS" starttime="20230216 15:09:28.747" endtime="20230216 15:09:28.747"/>
</kw>
<status status="PASS" starttime="20230216 15:09:28.745" endtime="20230216 15:09:28.747"/>
</iter>
<iter>
<var name="${i}">8</var>
<kw name="Get Random Title" library="functions">
<var>${title}</var>
<msg timestamp="20230216 15:09:28.748" level="INFO">${title} = Mr.</msg>
<status status="PASS" starttime="20230216 15:09:28.748" endtime="20230216 15:09:28.748"/>
</kw>
<kw name="Get Random Firstname" library="functions">
<var>${firstname}</var>
<msg timestamp="20230216 15:09:28.748" level="INFO">${firstname} = John</msg>
<status status="PASS" starttime="20230216 15:09:28.748" endtime="20230216 15:09:28.748"/>
</kw>
<kw name="Get Random Last Name" library="functions">
<var>${lastname}</var>
<msg timestamp="20230216 15:09:28.749" level="INFO">${lastname} = Williams</msg>
<status status="PASS" starttime="20230216 15:09:28.748" endtime="20230216 15:09:28.749"/>
</kw>
<kw name="Get Random Email" library="functions">
<var>${email}</var>
<arg>${firstname}</arg>
<arg>${lastname}</arg>
<msg timestamp="20230216 15:09:28.749" level="INFO">${email} = John.Williams@biz.com</msg>
<status status="PASS" starttime="20230216 15:09:28.749" endtime="20230216 15:09:28.749"/>
</kw>
<kw name="Get Opp Reference" library="functions">
<var>${pii}</var>
<msg timestamp="20230216 15:09:28.749" level="INFO">${pii} = S10109109116733653</msg>
<status status="PASS" starttime="20230216 15:09:28.749" endtime="20230216 15:09:28.749"/>
</kw>
<kw name="Log To Console" library="BuiltIn">
<arg>random person: ${title} ${firstname} ${lastname}</arg>
<doc>Logs the given message to the console.</doc>
<status status="PASS" starttime="20230216 15:09:28.749" endtime="20230216 15:09:28.750"/>
</kw>
<kw name="Log To Console" library="BuiltIn">
<arg>random email: ${email}</arg>
<doc>Logs the given message to the console.</doc>
<status status="PASS" starttime="20230216 15:09:28.750" endtime="20230216 15:09:28.750"/>
</kw>
<kw name="Log To Console" library="BuiltIn">
<arg>pii: ${pii}</arg>
<doc>Logs the given message to the console.</doc>
<status status="PASS" starttime="20230216 15:09:28.750" endtime="20230216 15:09:28.750"/>
</kw>
<status status="PASS" starttime="20230216 15:09:28.747" endtime="20230216 15:09:28.751"/>
</iter>
<iter>
<var name="${i}">9</var>
<kw name="Get Random Title" library="functions">
<var>${title}</var>
<msg timestamp="20230216 15:09:28.751" level="INFO">${title} = Ms.</msg>
<status status="PASS" starttime="20230216 15:09:28.751" endtime="20230216 15:09:28.751"/>
</kw>
<kw name="Get Random Firstname" library="functions">
<var>${firstname}</var>
<msg timestamp="20230216 15:09:28.751" level="INFO">${firstname} = Connor</msg>
<status status="PASS" starttime="20230216 15:09:28.751" endtime="20230216 15:09:28.751"/>
</kw>
<kw name="Get Random Last Name" library="functions">
<var>${lastname}</var>
<msg timestamp="20230216 15:09:28.752" level="INFO">${lastname} = Nguyen</msg>
<status status="PASS" starttime="20230216 15:09:28.752" endtime="20230216 15:09:28.752"/>
</kw>
<kw name="Get Random Email" library="functions">
<var>${email}</var>
<arg>${firstname}</arg>
<arg>${lastname}</arg>
<msg timestamp="20230216 15:09:28.752" level="INFO">${email} = Connor.Nguyen@biz.com</msg>
<status status="PASS" starttime="20230216 15:09:28.752" endtime="20230216 15:09:28.752"/>
</kw>
<kw name="Get Opp Reference" library="functions">
<var>${pii}</var>
<msg timestamp="20230216 15:09:28.752" level="INFO">${pii} = S9181187716766853</msg>
<status status="PASS" starttime="20230216 15:09:28.752" endtime="20230216 15:09:28.752"/>
</kw>
<kw name="Log To Console" library="BuiltIn">
<arg>random person: ${title} ${firstname} ${lastname}</arg>
<doc>Logs the given message to the console.</doc>
<status status="PASS" starttime="20230216 15:09:28.752" endtime="20230216 15:09:28.753"/>
</kw>
<kw name="Log To Console" library="BuiltIn">
<arg>random email: ${email}</arg>
<doc>Logs the given message to the console.</doc>
<status status="PASS" starttime="20230216 15:09:28.753" endtime="20230216 15:09:28.753"/>
</kw>
<kw name="Log To Console" library="BuiltIn">
<arg>pii: ${pii}</arg>
<doc>Logs the given message to the console.</doc>
<status status="PASS" starttime="20230216 15:09:28.753" endtime="20230216 15:09:28.754"/>
</kw>
<status status="PASS" starttime="20230216 15:09:28.751" endtime="20230216 15:09:28.754"/>
</iter>
<status status="PASS" starttime="20230216 15:09:28.726" endtime="20230216 15:09:28.754"/>
</for>
<status status="PASS" starttime="20230216 15:09:28.726" endtime="20230216 15:09:28.754"/>
</test>
<kw name="Close All Browsers" library="QWeb" type="TEARDOWN">
<tag>Browser</tag>
<tag>Interaction</tag>
<doc>Close all opened browsers.</doc>
<msg timestamp="20230216 15:09:30.858" level="INFO">${BROWSER_REUSE} = False</msg>
<status status="PASS" starttime="20230216 15:09:28.755" endtime="20230216 15:09:30.858"/>
</kw>
<status status="PASS" starttime="20230216 15:09:26.038" endtime="20230216 15:09:30.858"/>
</suite>
<statistics>
<total>
<stat pass="1" fail="0" skip="0">All Tests</stat>
</total>
<tag>
</tag>
<suite>
<stat pass="1" fail="0" skip="0" id="s1" name="Sample">Sample</stat>
</suite>
</statistics>
<errors>
</errors>
</robot>
